iMPACT Version: 14.6

iMPACT log file Started on Tue Mar 10 16:55:50 2015

Welcome to iMPACT
iMPACT Version: 14.6
// *** BATCH CMD : setMode -bs
GUI --- Auto connect to cable...
// *** BATCH CMD : setCable -port auto
AutoDetecting cable. Please wait.
*** WARNING ***: When port is set to auto detect mode, cable speed is set todefault 6 MHz regardless of explicit arguments supplied for setting the baudrates
PROGRESS_START - Starting Operation.
Connecting to cable (Usb Port - USB21).
Checking cable driver.
File version of /home/Xilinx/14.6/ISE_DS/ISE/bin/lin64/xusbdfwu.hex = 1030.
File version of /etc/hotplug/usb/xusbdfwu.fw/xusbdfwu.hex = 1030.
 Using libusb.
 Kernel release = 2.6.32-504.8.1.el6.x86_64.
 Max current requested during enumeration is 300 mA.
Type = 0x0005.
write (count, cmdBuffer, dataBuffer) failed 20000020.
 Cable Type = 3, Revision = 0.
 Setting cable speed to 6 MHz.
Cable connection established.
Firmware version = 2300.
File version of /home/Xilinx/14.6/ISE_DS/ISE/data/xusb_xp2.hex = 2401.
Firmware hex file version = 2401.
Downloading /home/Xilinx/14.6/ISE_DS/ISE/data/xusb_xp2.hex.
Downloaded firmware version = 2401.
PLD file version = 200Dh.
 PLD version = 200Dh.
PROGRESS_END - End Operation.
Elapsed time =      0 sec.
Type = 0x0005.
ESN option: 000013C9C45D01.
Attempting to identify devices in the boundary-scan chain configuration...
INFO:iMPACT - Current time: 3/10/15 4:56 PM
// *** BATCH CMD : Identify -inferir 
PROGRESS_START - Starting Operation.
Identifying chain contents...'0': : Manufacturer's ID = Xilinx xcf32p, Version : 13
INFO:iMPACT:1777 - 
   Reading /home/Xilinx/14.6/ISE_DS/ISE/xcfp/data/xcf32p.bsd...
INFO:iMPACT:501 - '1': Added Device xcf32p successfully.
----------------------------------------------------------------------
'1': : Manufacturer's ID = Xilinx xcf32p, Version : 13
INFO:iMPACT:501 - '1': Added Device xcf32p successfully.
----------------------------------------------------------------------
'2': : Manufacturer's ID = Xilinx xc6vlx195t, Version : 2
INFO:iMPACT:1777 - 
   Reading /home/Xilinx/14.6/ISE_DS/ISE/virtex6/data/xc6vlx195t.bsd...
INFO:iMPACT:501 - '1': Added Device xc6vlx195t successfully.
----------------------------------------------------------------------
done.
PROGRESS_END - End Operation.
Elapsed time =      0 sec.
// *** BATCH CMD : identifyMPM 
// *** BATCH CMD : assignFile -p 1 -file"/home/cscdev/20150206/CSC_GEM_Emulator_fw_code/work/CSC_GEM_Emulator.bit"
'1': Loading file'/home/cscdev/20150206/CSC_GEM_Emulator_fw_code/work/CSC_GEM_Emulator.bit' ...
done.
INFO:iMPACT:2257 - Startup Clock has been changed to 'JtagClk' in the bitstream   stored in memory,
   but the original bitstream file remains unchanged.
UserID read from the bitstream file = 0x15030201.
----------------------------------------------------------------------
INFO:iMPACT:501 - '1': Added Device xc6vlx195t successfully.
----------------------------------------------------------------------
INFO:iMPACT - Current time: 3/10/15 4:59 PM
// *** BATCH CMD : Program -p 1 
Maximum TCK operating frequency for this device chain: 15000000.
Validating chain...
Boundary-scan chain validated successfully.
1: Device Temperature: Current Reading: -273.00 C
1: VCCINT Supply: Current Reading:   0.000 V
1: VCCAUX Supply: Current Reading:   0.000 V
'1': Programming device...
PROGRESS_START - Starting Operation.
 Match_cycle = NoWait.
Match cycle: NoWait
 LCK_cycle = NoWait.
LCK cycle: NoWait
done.
INFO:iMPACT:2219 - Status register values:
INFO:iMPACT - 0011 1111 0011 1110 0000 1011 1100 1000 
INFO:iMPACT:579 - '1': Completed downloading bit file to device.
INFO:iMPACT:188 - '1': Programming completed successfully.
 Match_cycle = NoWait.
Match cycle: NoWait
 LCK_cycle = NoWait.
LCK cycle: NoWait
INFO:iMPACT - '1': Checking done pin....done.
'1': Programmed successfully.
PROGRESS_END - End Operation.
Elapsed time =     22 sec.
INFO:iMPACT - Current time: 3/10/15 4:59 PM
// *** BATCH CMD : ReadIdcode -p 1 
Maximum TCK operating frequency for this device chain: 15000000.
Validating chain...
Boundary-scan chain validated successfully.
1: Device Temperature: Current Reading: -273.00 C
1: VCCINT Supply: Current Reading:   0.000 V
1: VCCAUX Supply: Current Reading:   0.000 V
'1': IDCODE is '00100100001001001100000010010011'
'1': IDCODE is '2424c093' (in hex).
'1': : Manufacturer's ID = Xilinx xc6vlx195t, Version : 2
INFO:iMPACT - Current time: 3/10/15 4:59 PM
// *** BATCH CMD : ReadUsercode -p 1 
Maximum TCK operating frequency for this device chain: 15000000.
Validating chain...
Boundary-scan chain validated successfully.
1: Device Temperature: Current Reading: -273.00 C
1: VCCINT Supply: Current Reading:   0.000 V
1: VCCAUX Supply: Current Reading:   0.000 V
'1': Usercode is '15030201'
INFO:iMPACT - Current time: 3/10/15 5:08 PM
Updating config file/home/cscdev/20150206/CSC_GEM_Emulator_fw_code/work/CSC_GEM_Emulator.bit...
INFO:iMPACT:2257 - Startup Clock has been changed to 'JtagClk' in the bitstream   stored in memory,
   but the original bitstream file remains unchanged.
// *** BATCH CMD : ReadUsercode -p 1 
ERROR:Cse - A reference voltage has not been detected on the ribbon cable   interface to the target system ( pin 2 ).  Check that power is applied to the   target system and that the ribbon cable is properly seated at both ends.  The   status LED on Platform Cable USB will be GREEN if target voltage is in the   proper range and applied to the correct pin.
// *** BATCH CMD : assignFile -p 1 -file"/home/cscdev/20150206/CSC_GEM_Emulator_fw_code/work/CSC_GEM_Emulator.bit"
'1': Loading file'/home/cscdev/20150206/CSC_GEM_Emulator_fw_code/work/CSC_GEM_Emulator.bit' ...
done.
UserID read from the bitstream file = 0x15031001.
----------------------------------------------------------------------
INFO:iMPACT:501 - '1': Added Device xc6vlx195t successfully.
----------------------------------------------------------------------
INFO:iMPACT - Current time: 3/10/15 5:09 PM
// *** BATCH CMD : Program -p 1 
ERROR:Cse - A reference voltage has not been detected on the ribbon cable   interface to the target system ( pin 2 ).  Check that power is applied to the   target system and that the ribbon cable is properly seated at both ends.  The   status LED on Platform Cable USB will be GREEN if target voltage is in the   proper range and applied to the correct pin.
// *** BATCH CMD : assignFile -p 1 -file"/home/cscdev/20150206/CSC_GEM_Emulator_fw_code/work/CSC_GEM_Emulator.bit"
'1': Loading file'/home/cscdev/20150206/CSC_GEM_Emulator_fw_code/work/CSC_GEM_Emulator.bit' ...
done.
UserID read from the bitstream file = 0x15031001.
----------------------------------------------------------------------
INFO:iMPACT:501 - '1': Added Device xc6vlx195t successfully.
----------------------------------------------------------------------
INFO:iMPACT - Current time: 3/10/15 5:09 PM
// *** BATCH CMD : Program -p 1 
Maximum TCK operating frequency for this device chain: 15000000.
Validating chain...
Boundary-scan chain validated successfully.
1: Device Temperature: Current Reading: -273.00 C
1: VCCINT Supply: Current Reading:   0.000 V
1: VCCAUX Supply: Current Reading:   0.000 V
PROGRESS_START - Starting Operation.
'1': Programming device...
 Match_cycle = NoWait.
Match cycle: NoWait
 LCK_cycle = NoWait.
LCK cycle: NoWait
done.
INFO:iMPACT:2219 - Status register values:
INFO:iMPACT - 0011 1111 0011 1110 0000 1011 1100 1000 
INFO:iMPACT:579 - '1': Completed downloading bit file to device.
INFO:iMPACT:188 - '1': Programming completed successfully.
 Match_cycle = NoWait.
Match cycle: NoWait
 LCK_cycle = NoWait.
LCK cycle: NoWait
INFO:iMPACT - '1': Checking done pin....done.
'1': Programmed successfully.
PROGRESS_END - End Operation.
Elapsed time =     22 sec.
// *** BATCH CMD : setMode -bs
// *** BATCH CMD : setMode -ss
// *** BATCH CMD : setMode -sm
// *** BATCH CMD : setMode -hw140
// *** BATCH CMD : setMode -spi
// *** BATCH CMD : setMode -acecf
// *** BATCH CMD : setMode -acempm
// *** BATCH CMD : setMode -pff
// *** BATCH CMD : setMode -bs
// *** BATCH CMD : setMode -ss
// *** BATCH CMD : setMode -sm
// *** BATCH CMD : setMode -hw140
// *** BATCH CMD : setMode -spi
// *** BATCH CMD : setMode -acecf
// *** BATCH CMD : setMode -acempm
// *** BATCH CMD : setMode -pff
Welcome to iMPACT
iMPACT Version: 14.6
// *** BATCH CMD : setMode -bs
GUI --- Auto connect to cable...
// *** BATCH CMD : setCable -port auto
AutoDetecting cable. Please wait.
*** WARNING ***: When port is set to auto detect mode, cable speed is set todefault 6 MHz regardless of explicit arguments supplied for setting the baudrates
PROGRESS_START - Starting Operation.
Connecting to cable (Usb Port - USB21).
Checking cable driver.
File version of /home/Xilinx/14.6/ISE_DS/ISE/bin/lin64/xusbdfwu.hex = 1030.
File version of /etc/hotplug/usb/xusbdfwu.fw/xusbdfwu.hex = 1030.
 Using libusb.
 Kernel release = 2.6.32-504.8.1.el6.x86_64.
 Max current requested during enumeration is 300 mA.
Type = 0x0005.
 Cable Type = 3, Revision = 0.
 Setting cable speed to 6 MHz.
Cable connection established.
Firmware version = 2401.
File version of /home/Xilinx/14.6/ISE_DS/ISE/data/xusb_xp2.hex = 2401.
Firmware hex file version = 2401.
PLD file version = 200Dh.
 PLD version = 200Dh.
PROGRESS_END - End Operation.
Elapsed time =      0 sec.
Type = 0x0005.
ESN option: 000013C9C45D01.
Attempting to identify devices in the boundary-scan chain configuration...
INFO:iMPACT - Current time: 3/11/15 1:28 PM
// *** BATCH CMD : Identify -inferir 
PROGRESS_START - Starting Operation.
----------------------------------------------------------------------
Identifying chain contents...'0': : Manufacturer's ID = Xilinx xc6vlx130t, Version : 8
INFO:iMPACT:1777 - 
   Reading /home/Xilinx/14.6/ISE_DS/ISE/virtex6/data/xc6vlx130t.bsd...
INFO:iMPACT:501 - '1': Added Device xc6vlx130t successfully.
----------------------------------------------------------------------
done.
PROGRESS_END - End Operation.
Elapsed time =      0 sec.
// *** BATCH CMD : identifyMPM 
INFO:iMPACT - Current time: 3/11/15 1:28 PM
// *** BATCH CMD : ReadUsercode -p 1 
Maximum TCK operating frequency for this device chain: 66000000.
Validating chain...
Boundary-scan chain validated successfully.
1: Device Temperature: Current Reading:   27.24 C, Min. Reading:   26.75 C, Max.Reading:   27.73 C
1: VCCINT Supply: Current Reading:   0.984 V, Min. Reading:   0.981 V, Max.Reading:   0.984 V
1: VCCAUX Supply: Current Reading:   2.505 V, Min. Reading:   2.499 V, Max.Reading:   2.505 V
'1': Usercode is 'ffffffff'
INFO:iMPACT - File /home/cscdev/XilinxProj/GLIB/GLIB_Flash.cfi does not exist.
Selected part: XCF128X
// *** BATCH CMD : attachflash -position 1 -bpi "XCF128X"
// *** BATCH CMD : assignfiletoattachedflash -position 1 -file"/home/cscdev/XilinxProj/GLIB/GLIB_Flash.mcs"
INFO:iMPACT - A CFI file is not detected. To ensure correct and safe   configuration,
    Please make sure a CFI file is present in the same directory as the PROM   file,
    or, regenerate the PROM file with the latest software.
INFO:iMPACT - Current time: 3/11/15 1:35 PM
// *** BATCH CMD : Program -p 1 -dataWidth 16 -rs1 NONE -rs0 NONE -bpionly -e-loadfpga 
PROGRESS_START - Starting Operation.
Maximum TCK operating frequency for this device chain: 66000000.
Validating chain...
Boundary-scan chain validated successfully.
1: Device Temperature: Current Reading:   27.24 C, Min. Reading:   26.75 C, Max.Reading:   27.73 C
1: VCCINT Supply: Current Reading:   0.984 V, Min. Reading:   0.981 V, Max.Reading:   0.984 V
1: VCCAUX Supply: Current Reading:   2.502 V, Min. Reading:   2.499 V, Max.Reading:   2.505 V
'1': BPI access core not detected. BPI access core will be downloaded to thedevice to enable operations.
INFO:iMPACT - Downloading core file   /home/Xilinx/14.6/ISE_DS/ISE/virtex6/data/xc6vlx130t_jbpi.cor.
'1': Downloading core...
 Match_cycle = NoWait.
Match cycle: NoWait
 LCK_cycle = NoWait.
LCK cycle: NoWait
done.
INFO:iMPACT:2219 - Status register values:
INFO:iMPACT - 0011 1111 0101 1110 0000 1011 1100 1000 
INFO:iMPACT:2492 - '1': Completed downloading core to device.
Current cable speed is set to 6.000 Mhz.
Cable speed is default to 3Mhz or lower for BPI operations.
Current cable speed is set to 3.000 Mhz.
Setting Flash Control Pins ...
Setting Configuration Register ...
Populating BPI common flash interface ...
Common Flash Interface Information Query completed successfully.
INFO:iMPACT - Common Flash Interface Information from Device:
INFO:iMPACT - Verification string:	 51 52 59
INFO:iMPACT - Manufacturer ID:    	 49 
INFO:iMPACT - Vendor ID:          	 01 
INFO:iMPACT - Device Code:        	 18 
Setting Flash Control Pins ...
Using x16 mode ...
Setting Flash Control Pins ...
Setting Configuration Register ...
'1': Erasing device...
'1': Start address = 0x00000000, End address = 0x002DF7BF.
done.
'1': Erasure completed successfully.
Setting Flash Control Pins ...
Using x16 mode ...
Setting Flash Control Pins ...
Setting Configuration Register ...
INFO:iMPACT - Using Word Programming.
'1': Programming Flash.
done.
Setting Flash Control Pins ...
'1': Flash Programming completed successfully.
Current cable speed is resumed to 6.000 Mhz.
INFO:iMPACT:188 - '1': Programming completed successfully.
 Match_cycle = NoWait.
Match cycle: NoWait
 LCK_cycle = NoWait.
LCK cycle: NoWait
INFO:iMPACT - '1': Checking done pin....done.
'1': Programmed successfully.
PROGRESS_END - End Operation.
Elapsed time =    243 sec.
INFO:iMPACT - Current time: 3/11/15 1:39 PM
// *** BATCH CMD : ReadUsercode -p 1 
Maximum TCK operating frequency for this device chain: 66000000.
Validating chain...
Boundary-scan chain validated successfully.
1: Device Temperature: Current Reading:   30.69 C, Min. Reading:   28.23 C, Max.Reading:   30.69 C
1: VCCINT Supply: Current Reading:   0.973 V, Min. Reading:   0.970 V, Max.Reading:   0.984 V
1: VCCAUX Supply: Current Reading:   2.502 V, Min. Reading:   2.499 V, Max.Reading:   2.505 V
'1': Usercode is 'ffffffff'
INFO:iMPACT - Current time: 3/11/15 1:40 PM
// *** BATCH CMD : ReadUsercode -p 1 
Maximum TCK operating frequency for this device chain: 66000000.
Validating chain...
Boundary-scan chain validated successfully.
1: Device Temperature: Current Reading:   30.69 C, Min. Reading:   28.23 C, Max.Reading:   31.18 C
1: VCCINT Supply: Current Reading:   0.973 V, Min. Reading:   0.970 V, Max.Reading:   0.984 V
1: VCCAUX Supply: Current Reading:   2.502 V, Min. Reading:   2.499 V, Max.Reading:   2.505 V
'1': Usercode is 'ffffffff'
Attempting to identify devices in the boundary-scan chain configuration...
INFO:iMPACT - Current time: 3/11/15 3:50 PM
// *** BATCH CMD : Identify -inferir 
PROGRESS_START - Starting Operation.
Identifying chain contents...'0': : Manufacturer's ID = Xilinx xcf32p, Version : 13
INFO:iMPACT:1777 - 
   Reading /home/Xilinx/14.6/ISE_DS/ISE/xcfp/data/xcf32p.bsd...
INFO:iMPACT:501 - '1': Added Device xcf32p successfully.
----------------------------------------------------------------------
'1': : Manufacturer's ID = Xilinx xcf32p, Version : 13
INFO:iMPACT:501 - '1': Added Device xcf32p successfully.
----------------------------------------------------------------------
'2': : Manufacturer's ID = Xilinx xc6vlx195t, Version : 2
INFO:iMPACT:1777 - 
   Reading /home/Xilinx/14.6/ISE_DS/ISE/virtex6/data/xc6vlx195t.bsd...
INFO:iMPACT:501 - '1': Added Device xc6vlx195t successfully.
----------------------------------------------------------------------
done.
PROGRESS_END - End Operation.
Elapsed time =      0 sec.
// *** BATCH CMD : identifyMPM 
// *** BATCH CMD : assignFile -p 1 -file"/home/cscdev/20150206/CSC_GEM_Emulator_fw_code/work/CSC_GEM_Emulator.bit"
'1': Loading file'/home/cscdev/20150206/CSC_GEM_Emulator_fw_code/work/CSC_GEM_Emulator.bit' ...
done.
INFO:iMPACT:2257 - Startup Clock has been changed to 'JtagClk' in the bitstream   stored in memory,
   but the original bitstream file remains unchanged.
UserID read from the bitstream file = 0x15031101.
----------------------------------------------------------------------
INFO:iMPACT:501 - '1': Added Device xc6vlx195t successfully.
----------------------------------------------------------------------
INFO:iMPACT - Current time: 3/11/15 3:52 PM
// *** BATCH CMD : ReadIdcode -p 1 
Maximum TCK operating frequency for this device chain: 15000000.
Validating chain...
Boundary-scan chain validated successfully.
1: Device Temperature: Current Reading: -273.00 C
1: VCCINT Supply: Current Reading:   0.000 V
1: VCCAUX Supply: Current Reading:   0.000 V
'1': IDCODE is '00100100001001001100000010010011'
'1': IDCODE is '2424c093' (in hex).
'1': : Manufacturer's ID = Xilinx xc6vlx195t, Version : 2
INFO:iMPACT - Current time: 3/11/15 3:52 PM
// *** BATCH CMD : ReadUsercode -p 1 
Maximum TCK operating frequency for this device chain: 15000000.
Validating chain...
Boundary-scan chain validated successfully.
1: Device Temperature: Current Reading: -273.00 C
1: VCCINT Supply: Current Reading:   0.000 V
1: VCCAUX Supply: Current Reading:   0.000 V
'1': Usercode is '15020401'
INFO:iMPACT - Current time: 3/11/15 3:52 PM
// *** BATCH CMD : Program -p 1 
Maximum TCK operating frequency for this device chain: 15000000.
Validating chain...
Boundary-scan chain validated successfully.
1: Device Temperature: Current Reading: -273.00 C
1: VCCINT Supply: Current Reading:   0.000 V
1: VCCAUX Supply: Current Reading:   0.000 V
PROGRESS_START - Starting Operation.
'1': Programming device...
 Match_cycle = NoWait.
Match cycle: NoWait
 LCK_cycle = NoWait.
LCK cycle: NoWait
done.
INFO:iMPACT:2219 - Status register values:
INFO:iMPACT - 0011 1111 0011 1110 0000 1011 1100 1000 
INFO:iMPACT:579 - '1': Completed downloading bit file to device.
INFO:iMPACT:188 - '1': Programming completed successfully.
 Match_cycle = NoWait.
Match cycle: NoWait
 LCK_cycle = NoWait.
LCK cycle: NoWait
INFO:iMPACT - '1': Checking done pin....done.
'1': Programmed successfully.
PROGRESS_END - End Operation.
Elapsed time =     23 sec.
// *** BATCH CMD : assignFile -p 1 -file"/home/cscdev/20150206/CSC_GEM_Emulator_fw_code/work/CSC_GEM_Emulator_previous.bit"
'1': Loading file'/home/cscdev/20150206/CSC_GEM_Emulator_fw_code/work/CSC_GEM_Emulator_previous.bit' ...
done.
INFO:iMPACT:2257 - Startup Clock has been changed to 'JtagClk' in the bitstream   stored in memory,
   but the original bitstream file remains unchanged.
UserID read from the bitstream file = 0x15031101.
----------------------------------------------------------------------
INFO:iMPACT:501 - '1': Added Device xc6vlx195t successfully.
----------------------------------------------------------------------
INFO:iMPACT - Current time: 3/11/15 4:40 PM
// *** BATCH CMD : Program -p 1 
Maximum TCK operating frequency for this device chain: 15000000.
Validating chain...
Boundary-scan chain validated successfully.
1: Device Temperature: Current Reading: -273.00 C
1: VCCINT Supply: Current Reading:   0.000 V
1: VCCAUX Supply: Current Reading:   0.000 V
PROGRESS_START - Starting Operation.
'1': Programming device...
 Match_cycle = NoWait.
Match cycle: NoWait
 LCK_cycle = NoWait.
LCK cycle: NoWait
done.
INFO:iMPACT:2219 - Status register values:
INFO:iMPACT - 0011 1111 0011 1110 0000 1011 1100 1000 
INFO:iMPACT:579 - '1': Completed downloading bit file to device.
INFO:iMPACT:188 - '1': Programming completed successfully.
 Match_cycle = NoWait.
Match cycle: NoWait
 LCK_cycle = NoWait.
LCK cycle: NoWait
INFO:iMPACT - '1': Checking done pin....done.
'1': Programmed successfully.
PROGRESS_END - End Operation.
Elapsed time =     22 sec.
// *** BATCH CMD : assignFile -p 1 -file"/home/cscdev/20150206/CSC_GEM_Emulator_fw_code/work/CSC_GEM_Emulator.bit"
'1': Loading file'/home/cscdev/20150206/CSC_GEM_Emulator_fw_code/work/CSC_GEM_Emulator.bit' ...
done.
INFO:iMPACT:2257 - Startup Clock has been changed to 'JtagClk' in the bitstream   stored in memory,
   but the original bitstream file remains unchanged.
UserID read from the bitstream file = 0x15031102.
----------------------------------------------------------------------
INFO:iMPACT:501 - '1': Added Device xc6vlx195t successfully.
----------------------------------------------------------------------
INFO:iMPACT - Current time: 3/11/15 4:57 PM
// *** BATCH CMD : Program -p 1 
Maximum TCK operating frequency for this device chain: 15000000.
Validating chain...
Boundary-scan chain validated successfully.
1: Device Temperature: Current Reading: -273.00 C
1: VCCINT Supply: Current Reading:   0.000 V
1: VCCAUX Supply: Current Reading:   0.000 V
PROGRESS_START - Starting Operation.
'1': Programming device...
 Match_cycle = NoWait.
Match cycle: NoWait
 LCK_cycle = NoWait.
LCK cycle: NoWait
done.
INFO:iMPACT:2219 - Status register values:
INFO:iMPACT - 0011 1111 0011 1110 0000 1011 1100 1000 
INFO:iMPACT:579 - '1': Completed downloading bit file to device.
INFO:iMPACT:188 - '1': Programming completed successfully.
 Match_cycle = NoWait.
Match cycle: NoWait
 LCK_cycle = NoWait.
LCK cycle: NoWait
INFO:iMPACT - '1': Checking done pin....done.
'1': Programmed successfully.
PROGRESS_END - End Operation.
Elapsed time =     22 sec.
// *** BATCH CMD : assignFile -p 1 -file"/home/cscdev/20150206/CSC_GEM_Emulator_fw_code/work/CSC_GEM_Emulator_previous.bit"
'1': Loading file'/home/cscdev/20150206/CSC_GEM_Emulator_fw_code/work/CSC_GEM_Emulator_previous.bit' ...
done.
INFO:iMPACT:2257 - Startup Clock has been changed to 'JtagClk' in the bitstream   stored in memory,
   but the original bitstream file remains unchanged.
UserID read from the bitstream file = 0x15031101.
----------------------------------------------------------------------
INFO:iMPACT:501 - '1': Added Device xc6vlx195t successfully.
----------------------------------------------------------------------
INFO:iMPACT - Current time: 3/11/15 5:00 PM
// *** BATCH CMD : Program -p 1 
Maximum TCK operating frequency for this device chain: 15000000.
Validating chain...
Boundary-scan chain validated successfully.
1: Device Temperature: Current Reading: -273.00 C
1: VCCINT Supply: Current Reading:   0.000 V
1: VCCAUX Supply: Current Reading:   0.000 V
PROGRESS_START - Starting Operation.
'1': Programming device...
 Match_cycle = NoWait.
Match cycle: NoWait
 LCK_cycle = NoWait.
LCK cycle: NoWait
done.
INFO:iMPACT:2219 - Status register values:
INFO:iMPACT - 0011 1111 0011 1110 0000 1011 1100 1000 
INFO:iMPACT:579 - '1': Completed downloading bit file to device.
INFO:iMPACT:188 - '1': Programming completed successfully.
 Match_cycle = NoWait.
Match cycle: NoWait
 LCK_cycle = NoWait.
LCK cycle: NoWait
INFO:iMPACT - '1': Checking done pin....done.
'1': Programmed successfully.
PROGRESS_END - End Operation.
Elapsed time =     22 sec.
INFO:iMPACT - Current time: 3/13/15 3:06 PM
// *** BATCH CMD : ReadIdcode -p 1 
ERROR:Cse - A reference voltage has not been detected on the ribbon cable   interface to the target system ( pin 2 ).  Check that power is applied to the   target system and that the ribbon cable is properly seated at both ends.  The   status LED on Platform Cable USB will be GREEN if target voltage is in the   proper range and applied to the correct pin.
INFO:iMPACT - Current time: 3/13/15 3:08 PM
// *** BATCH CMD : ReadIdcode -p 1 
Maximum TCK operating frequency for this device chain: 15000000.
Validating chain...
Boundary-scan chain validated successfully.
1: Device Temperature: Current Reading: -273.00 C
1: VCCINT Supply: Current Reading:   0.000 V
1: VCCAUX Supply: Current Reading:   0.000 V
'1': IDCODE is '00100100001001001100000010010011'
'1': IDCODE is '2424c093' (in hex).
'1': : Manufacturer's ID = Xilinx xc6vlx195t, Version : 2
// *** BATCH CMD : assignFile -p 1 -file"/home/cscdev/20150206/CSC_GEM_Emulator_fw_code/work/CSC_GEM_Emulator.bit"
'1': Loading file'/home/cscdev/20150206/CSC_GEM_Emulator_fw_code/work/CSC_GEM_Emulator.bit' ...
done.
INFO:iMPACT:2257 - Startup Clock has been changed to 'JtagClk' in the bitstream   stored in memory,
   but the original bitstream file remains unchanged.
UserID read from the bitstream file = 0x15031102.
----------------------------------------------------------------------
INFO:iMPACT:501 - '1': Added Device xc6vlx195t successfully.
----------------------------------------------------------------------
INFO:iMPACT - Current time: 3/13/15 3:09 PM
// *** BATCH CMD : Program -p 1 
Maximum TCK operating frequency for this device chain: 15000000.
Validating chain...
Boundary-scan chain validated successfully.
1: Device Temperature: Current Reading: -273.00 C
1: VCCINT Supply: Current Reading:   0.000 V
1: VCCAUX Supply: Current Reading:   0.000 V
PROGRESS_START - Starting Operation.
'1': Programming device...
 Match_cycle = NoWait.
Match cycle: NoWait
 LCK_cycle = NoWait.
LCK cycle: NoWait
done.
INFO:iMPACT:2219 - Status register values:
INFO:iMPACT - 0011 1111 0011 1110 0000 1011 1100 1000 
INFO:iMPACT:579 - '1': Completed downloading bit file to device.
INFO:iMPACT:188 - '1': Programming completed successfully.
 Match_cycle = NoWait.
Match cycle: NoWait
 LCK_cycle = NoWait.
LCK cycle: NoWait
INFO:iMPACT - '1': Checking done pin....done.
'1': Programmed successfully.
PROGRESS_END - End Operation.
Elapsed time =     22 sec.
INFO:iMPACT - Current time: 3/13/15 3:37 PM
// *** BATCH CMD : ReadUsercode -p 1 
Maximum TCK operating frequency for this device chain: 15000000.
Validating chain...
Boundary-scan chain validated successfully.
1: Device Temperature: Current Reading: -273.00 C
1: VCCINT Supply: Current Reading:   0.000 V
1: VCCAUX Supply: Current Reading:   0.000 V
'1': Usercode is '15031102'
// *** BATCH CMD : assignFile -p 1 -file"/home/cscdev/20150206/CSC_GEM_Emulator_fw_code/work/CSC_GEM_Emulator.bit"
'1': Loading file'/home/cscdev/20150206/CSC_GEM_Emulator_fw_code/work/CSC_GEM_Emulator.bit' ...
done.
UserID read from the bitstream file = 0x15031102.
----------------------------------------------------------------------
INFO:iMPACT:501 - '1': Added Device xc6vlx195t successfully.
----------------------------------------------------------------------
INFO:iMPACT - Current time: 3/13/15 4:30 PM
Updating config file/home/cscdev/20150206/CSC_GEM_Emulator_fw_code/work/CSC_GEM_Emulator.bit...
INFO:iMPACT:2257 - Startup Clock has been changed to 'JtagClk' in the bitstream   stored in memory,
   but the original bitstream file remains unchanged.
// *** BATCH CMD : Program -p 1 
Maximum TCK operating frequency for this device chain: 15000000.
Validating chain...
Boundary-scan chain validated successfully.
1: Device Temperature: Current Reading: -273.00 C
1: VCCINT Supply: Current Reading:   0.000 V
1: VCCAUX Supply: Current Reading:   0.000 V
PROGRESS_START - Starting Operation.
'1': Programming device...
 Match_cycle = NoWait.
Match cycle: NoWait
 LCK_cycle = NoWait.
LCK cycle: NoWait
done.
INFO:iMPACT:2219 - Status register values:
INFO:iMPACT - 0011 1111 0011 1110 0000 1011 1100 1000 
INFO:iMPACT:579 - '1': Completed downloading bit file to device.
INFO:iMPACT:188 - '1': Programming completed successfully.
 Match_cycle = NoWait.
Match cycle: NoWait
 LCK_cycle = NoWait.
LCK cycle: NoWait
INFO:iMPACT - '1': Checking done pin....done.
'1': Programmed successfully.
PROGRESS_END - End Operation.
Elapsed time =     22 sec.
INFO:iMPACT - Current time: 3/13/15 4:31 PM
// *** BATCH CMD : ReadUsercode -p 1 
Maximum TCK operating frequency for this device chain: 15000000.
Validating chain...
Boundary-scan chain validated successfully.
1: Device Temperature: Current Reading: -273.00 C
1: VCCINT Supply: Current Reading:   0.000 V
1: VCCAUX Supply: Current Reading:   0.000 V
'1': Usercode is '15031301'
INFO:iMPACT - Current time: 3/13/15 4:37 PM
// *** BATCH CMD : Program -p 1 
Maximum TCK operating frequency for this device chain: 15000000.
Validating chain...
Boundary-scan chain validated successfully.
1: Device Temperature: Current Reading: -273.00 C
1: VCCINT Supply: Current Reading:   0.000 V
1: VCCAUX Supply: Current Reading:   0.000 V
PROGRESS_START - Starting Operation.
'1': Programming device...
 Match_cycle = NoWait.
Match cycle: NoWait
 LCK_cycle = NoWait.
LCK cycle: NoWait
done.
INFO:iMPACT:2219 - Status register values:
INFO:iMPACT - 0011 1111 0011 1110 0000 1011 1100 1000 
INFO:iMPACT:579 - '1': Completed downloading bit file to device.
INFO:iMPACT:188 - '1': Programming completed successfully.
 Match_cycle = NoWait.
Match cycle: NoWait
 LCK_cycle = NoWait.
LCK cycle: NoWait
INFO:iMPACT - '1': Checking done pin....done.
'1': Programmed successfully.
PROGRESS_END - End Operation.
Elapsed time =     22 sec.
INFO:iMPACT - Current time: 3/16/15 2:28 PM
Updating config file/home/cscdev/20150206/CSC_GEM_Emulator_fw_code/work/CSC_GEM_Emulator.bit...
INFO:iMPACT:2257 - Startup Clock has been changed to 'JtagClk' in the bitstream   stored in memory,
   but the original bitstream file remains unchanged.
// *** BATCH CMD : ReadUsercode -p 1 
Maximum TCK operating frequency for this device chain: 15000000.
Validating chain...
Boundary-scan chain validated successfully.
1: Device Temperature: Current Reading: -273.00 C
1: VCCINT Supply: Current Reading:   0.000 V
1: VCCAUX Supply: Current Reading:   0.000 V
'1': Usercode is '15020401'
INFO:iMPACT - Current time: 3/16/15 2:28 PM
// *** BATCH CMD : Program -p 1 
Maximum TCK operating frequency for this device chain: 15000000.
Validating chain...
Boundary-scan chain validated successfully.
1: Device Temperature: Current Reading: -273.00 C
1: VCCINT Supply: Current Reading:   0.000 V
1: VCCAUX Supply: Current Reading:   0.000 V
PROGRESS_START - Starting Operation.
'1': Programming device...
 Match_cycle = NoWait.
Match cycle: NoWait
 LCK_cycle = NoWait.
LCK cycle: NoWait
done.
INFO:iMPACT:2218 - Error shows in the status register, release done bit is NOT   1.
INFO:iMPACT:2219 - Status register values:
INFO:iMPACT - 0011 0001 0011 1000 0000 0011 1100 1000 
PROGRESS_END - End Operation.
Elapsed time =     23 sec.
INFO:iMPACT - Current time: 3/16/15 2:29 PM
// *** BATCH CMD : ReadUsercode -p 1 
Maximum TCK operating frequency for this device chain: 15000000.
Validating chain...
Boundary-scan chain validated successfully.
1: Device Temperature: Current Reading: -273.00 C
1: VCCINT Supply: Current Reading:   0.000 V
1: VCCAUX Supply: Current Reading:   0.000 V
'1': Usercode is '15031601'
INFO:iMPACT - Current time: 3/16/15 2:30 PM
// *** BATCH CMD : Program -p 1 
Maximum TCK operating frequency for this device chain: 15000000.
Validating chain...
Boundary-scan chain validated successfully.
1: Device Temperature: Current Reading: -273.00 C
1: VCCINT Supply: Current Reading:   0.000 V
1: VCCAUX Supply: Current Reading:   0.000 V
PROGRESS_START - Starting Operation.
'1': Programming device...
 Match_cycle = NoWait.
Match cycle: NoWait
 LCK_cycle = NoWait.
LCK cycle: NoWait
done.
INFO:iMPACT:2218 - Error shows in the status register, release done bit is NOT   1.
INFO:iMPACT:2219 - Status register values:
INFO:iMPACT - 0011 0001 0011 1000 0000 0011 1100 1000 
PROGRESS_END - End Operation.
Elapsed time =     22 sec.
INFO:iMPACT - Current time: 3/16/15 2:32 PM
Updating config file/home/cscdev/20150206/CSC_GEM_Emulator_fw_code/work/CSC_GEM_Emulator.bit...
INFO:iMPACT:2257 - Startup Clock has been changed to 'JtagClk' in the bitstream   stored in memory,
   but the original bitstream file remains unchanged.
// *** BATCH CMD : ReadUsercode -p 1 
Maximum TCK operating frequency for this device chain: 15000000.
Validating chain...
Boundary-scan chain validated successfully.
1: Device Temperature: Current Reading: -273.00 C
1: VCCINT Supply: Current Reading:   0.000 V
1: VCCAUX Supply: Current Reading:   0.000 V
'1': Usercode is '15031601'
INFO:iMPACT - Current time: 3/16/15 2:32 PM
// *** BATCH CMD : Program -p 1 
Maximum TCK operating frequency for this device chain: 15000000.
Validating chain...
Boundary-scan chain validated successfully.
1: Device Temperature: Current Reading: -273.00 C
1: VCCINT Supply: Current Reading:   0.000 V
1: VCCAUX Supply: Current Reading:   0.000 V
PROGRESS_START - Starting Operation.
'1': Programming device...
 Match_cycle = NoWait.
Match cycle: NoWait
 LCK_cycle = NoWait.
LCK cycle: NoWait
done.
INFO:iMPACT:2219 - Status register values:
INFO:iMPACT - 0011 1111 0011 1110 0000 1011 1100 1000 
INFO:iMPACT:579 - '1': Completed downloading bit file to device.
INFO:iMPACT:188 - '1': Programming completed successfully.
 Match_cycle = NoWait.
Match cycle: NoWait
 LCK_cycle = NoWait.
LCK cycle: NoWait
INFO:iMPACT - '1': Checking done pin....done.
'1': Programmed successfully.
PROGRESS_END - End Operation.
Elapsed time =     22 sec.
INFO:iMPACT - Current time: 3/16/15 2:32 PM
// *** BATCH CMD : ReadUsercode -p 1 
Maximum TCK operating frequency for this device chain: 15000000.
Validating chain...
Boundary-scan chain validated successfully.
1: Device Temperature: Current Reading: -273.00 C
1: VCCINT Supply: Current Reading:   0.000 V
1: VCCAUX Supply: Current Reading:   0.000 V
'1': Usercode is '15031601'
INFO:iMPACT - Current time: 3/16/15 2:36 PM
// *** BATCH CMD : ReadUsercode -p 2 
'2': Putting device in ISP mode...done.
Maximum TCK operating frequency for this device chain: 15000000.
Validating chain...
Boundary-scan chain validated successfully.
1: Device Temperature: Current Reading: -273.00 C
1: VCCINT Supply: Current Reading:   0.000 V
1: VCCAUX Supply: Current Reading:   0.000 V
'2': Putting device in ISP mode...done.
'2': Usercode is '020415c1'
INFO:iMPACT - Current time: 3/16/15 2:36 PM
// *** BATCH CMD : ReadUsercode -p 3 
'3': Putting device in ISP mode...done.
Maximum TCK operating frequency for this device chain: 15000000.
Validating chain...
Boundary-scan chain validated successfully.
1: Device Temperature: Current Reading: -273.00 C
1: VCCINT Supply: Current Reading:   0.000 V
1: VCCAUX Supply: Current Reading:   0.000 V
'3': Putting device in ISP mode...done.
'3': Usercode is '020415c0'
// *** BATCH CMD : setMode -pff
// *** BATCH CMD : addConfigDevice  -name "EmulatorBoard" -path"/home/cscdev/XilinxProj/CSC_GEM_Emulator_fw_code/work"
// *** BATCH CMD : setSubmode -pffversion
// *** BATCH CMD : setAttribute -configdevice -attr multibootBpiType -value ""
// *** BATCH CMD : addDesign -version 0 -name "0"
// *** BATCH CMD : setAttribute -configdevice -attr compressed -value "FALSE"
// *** BATCH CMD : setAttribute -configdevice -attr autoSize -value "FALSE"
// *** BATCH CMD : setAttribute -configdevice -attr fileFormat -value "mcs"
// *** BATCH CMD : setAttribute -configdevice -attr fillValue -value "FF"
// *** BATCH CMD : setAttribute -configdevice -attr swapBit -value "FALSE"
// *** BATCH CMD : setAttribute -configdevice -attr dir -value "UP"
// *** BATCH CMD : setAttribute -configdevice -attr multiboot -value "FALSE"
// *** BATCH CMD : setAttribute -configdevice -attr spiSelected -value "FALSE"
// *** BATCH CMD : addPromDevice -p 1 -size 0 -name xcf32p
'1': Added Device xcf32p successfully.
----------------------------------------------------------------------
// *** BATCH CMD : addPromDevice -p 2 -size 0 -name xcf32p
'2': Added Device xcf32p successfully.
----------------------------------------------------------------------
// *** BATCH CMD : setMode -pff
// *** BATCH CMD : setSubmode -pffversion
// *** BATCH CMD : setMode -pff
// *** BATCH CMD : addDeviceChain -index 0
// *** BATCH CMD : setMode -pff
// *** BATCH CMD : addDeviceChain -index 0
Override chain at index 0.
Overriding chain at index 0.
// *** BATCH CMD : setMode -pff
// *** BATCH CMD : setSubmode -pffversion
// *** BATCH CMD : setMode -pff
------------------------  GUI: Wizard Data Report  ---------------------------
      Compression : false
      Fill Value : FF
      Output Format : mcs
      Swap Bits : false
      LoadDirection : UP
      PROM Basename : EmulatorBoard
      File Location : /home/cscdev/XilinxProj/CSC_GEM_Emulator_fw_code/work/
      Auto Selcet : false
      Number of Revisions : 1
      Number of PROMs : 2
      PROM Name : xcf32p,   PROM Size : 33554432 bits
-------------------------- END of Report ----------------------------
// *** BATCH CMD : setMode -pff
// *** BATCH CMD : addDeviceChain -index 0
Override chain at index 0.
Overriding chain at index 0.
// *** BATCH CMD : setAttribute -design -attr name -value "0000"
StartAddr=100000
// *** BATCH CMD : addPromDevice -p 2 -size 0 -name xcf32p
'2': Added Device xcf32p successfully.
----------------------------------------------------------------------
// *** BATCH CMD : deletePromDevice -position 1
----------------------------------------------------------------------
// *** BATCH CMD : addPromDevice -p 3 -size 0 -name xcf32p
'3': Added Device xcf32p successfully.
----------------------------------------------------------------------
// *** BATCH CMD : deletePromDevice -position 2
----------------------------------------------------------------------
RectHeight =531.000000
SliderPos=0
Clicked=424
RectHeight =1072.000000
SliderPos=535
Clicked=905
// *** BATCH CMD : setMode -bs
// *** BATCH CMD : setMode -pff
// *** BATCH CMD : addDevice -p 1 -file"/home/cscdev/XilinxProj/CSC_GEM_Emulator_fw_code/work/CSC_GEM_Emulator-fast.bit"
'1': Loading file'/home/cscdev/XilinxProj/CSC_GEM_Emulator_fw_code/work/CSC_GEM_Emulator-fast.bit' ...
INFO:iMPACT - Elapsed time =      2 sec.
done.
INFO:iMPACT:501 - '1': Added Device xc6vlx195t successfully.
----------------------------------------------------------------------
Add one device.Revision 0, Design 0000 Device #0 is Selected.
INFO:iMPACT - Current time: 3/16/15 2:43 PM
// *** BATCH CMD : setMode -pff
// *** BATCH CMD : setSubmode -pffversion
Total configuration bit size = 61552736  bits.
Total configuration byte size = 7694092 bytes.
// *** BATCH CMD : generate
0x800000 (8388608) bytes loaded up from 0x0
Using user-specified prom size of 8192K
Writing file"/home/cscdev/XilinxProj/CSC_GEM_Emulator_fw_code/work/EmulatorBoard_0.mcs".
Writing file"/home/cscdev/XilinxProj/CSC_GEM_Emulator_fw_code/work/EmulatorBoard_0.prm".
Writing file"/home/cscdev/XilinxProj/CSC_GEM_Emulator_fw_code/work/EmulatorBoard_0.sig".
Writing file"/home/cscdev/XilinxProj/CSC_GEM_Emulator_fw_code/work/EmulatorBoard_1.mcs".
Writing file"/home/cscdev/XilinxProj/CSC_GEM_Emulator_fw_code/work/EmulatorBoard_1.prm".
Writing file"/home/cscdev/XilinxProj/CSC_GEM_Emulator_fw_code/work/EmulatorBoard_1.sig".
Writing file"/home/cscdev/XilinxProj/CSC_GEM_Emulator_fw_code/work/EmulatorBoard_0.cfi".
Writing file"/home/cscdev/XilinxProj/CSC_GEM_Emulator_fw_code/work/EmulatorBoard_1.cfi".
// *** BATCH CMD : setCurrentDesign -version 0
// *** BATCH CMD : setMode -bs
// *** BATCH CMD : assignFile -p 1 -file"/home/cscdev/XilinxProj/CSC_GEM_Emulator_fw_code/work/CSC_GEM_Emulator-fast.bit"
'1': Loading file'/home/cscdev/XilinxProj/CSC_GEM_Emulator_fw_code/work/CSC_GEM_Emulator-fast.bit' ...
done.
INFO:iMPACT:2257 - Startup Clock has been changed to 'JtagClk' in the bitstream   stored in memory,
   but the original bitstream file remains unchanged.
UserID read from the bitstream file = 0x15031601.
----------------------------------------------------------------------
INFO:iMPACT:501 - '1': Added Device xc6vlx195t successfully.
----------------------------------------------------------------------
INFO:iMPACT - Current time: 3/16/15 2:43 PM
// *** BATCH CMD : ReadUsercode -p 2 
'2': Putting device in ISP mode...done.
Maximum TCK operating frequency for this device chain: 15000000.
Validating chain...
Boundary-scan chain validated successfully.
1: Device Temperature: Current Reading: -273.00 C
1: VCCINT Supply: Current Reading:   0.000 V
1: VCCAUX Supply: Current Reading:   0.000 V
'2': Putting device in ISP mode...done.
'2': Usercode is '020415c1'
// *** BATCH CMD : assignFile -p 2 -file"/home/cscdev/XilinxProj/CSC_GEM_Emulator_fw_code/work/EmulatorBoard_1.mcs"
'2': Loading file'/home/cscdev/XilinxProj/CSC_GEM_Emulator_fw_code/work/EmulatorBoard_1.mcs' ...
WARNING:iMPACT - The file   '/home/cscdev/XilinxProj/CSC_GEM_Emulator_fw_code/work/EmulatorBoard_1.mcs'   does not appear to be a configuration file. 
    This file will not configure a Xilinx device in Serial or SelectMap modes   and may not be intended for configuration. 
    If this is a cascaded PROM file,  you may ignore this warning and proceed. 
done.
INFO:iMPACT:1835 - Loading CFI file   /home/cscdev/XilinxProj/CSC_GEM_Emulator_fw_code/work/EmulatorBoard_1.cfi
// *** BATCH CMD : setAttribute -position 2 -attr packageName -value ""
INFO:iMPACT - Current time: 3/16/15 2:43 PM
// *** BATCH CMD : ReadUsercode -p 3 
'3': Putting device in ISP mode...done.
Maximum TCK operating frequency for this device chain: 15000000.
Validating chain...
Boundary-scan chain validated successfully.
1: Device Temperature: Current Reading: -273.00 C
1: VCCINT Supply: Current Reading:   0.000 V
1: VCCAUX Supply: Current Reading:   0.000 V
'3': Putting device in ISP mode...done.
'3': Usercode is '020415c0'
// *** BATCH CMD : assignFile -p 3 -file"/home/cscdev/XilinxProj/CSC_GEM_Emulator_fw_code/work/EmulatorBoard_0.mcs"
'3': Loading file'/home/cscdev/XilinxProj/CSC_GEM_Emulator_fw_code/work/EmulatorBoard_0.mcs' ...
done.
INFO:iMPACT:1835 - Loading CFI file   /home/cscdev/XilinxProj/CSC_GEM_Emulator_fw_code/work/EmulatorBoard_0.cfi
// *** BATCH CMD : setAttribute -position 3 -attr packageName -value ""
// *** BATCH CMD : setMode -bs
// *** BATCH CMD : setMode -ss
// *** BATCH CMD : setMode -sm
// *** BATCH CMD : setMode -hw140
// *** BATCH CMD : setMode -spi
// *** BATCH CMD : setMode -acecf
// *** BATCH CMD : setMode -acempm
// *** BATCH CMD : setMode -pff
// *** BATCH CMD : setMode -bs
// *** BATCH CMD : saveProjectFile -file"/home/cscdev/XilinxProj/CSC_GEM_Emulator_fw_code/work/EmulatorBoardDownload.ipf"
INFO:iMPACT - Current time: 3/16/15 2:47 PM
// *** BATCH CMD : Program -p 2 -e -parallel -u 150316c1 -ver 0customercode:150316c1cf32 -defaultVersion 0 
'2': Putting device in ISP mode...done.
Maximum TCK operating frequency for this device chain: 15000000.
Validating chain...
Boundary-scan chain validated successfully.
1: Device Temperature: Current Reading: -273.00 C
1: VCCINT Supply: Current Reading:   0.000 V
1: VCCAUX Supply: Current Reading:   0.000 V
'2': Erasing device...
'2': Putting device in ISP mode...done.
'2': Putting device in ISP mode...done.
'2': Parallel Mode has been previously programmed in this device,you must firstperform a stand alone erase in order to erase this mode.
'2': Putting device in ISP mode...done.
PROGRESS_START - Starting Operation.
'2': Erasure completed successfully.
'2': Putting device in ISP mode...done.
'2': Putting device in ISP mode...done.
'2': Putting device in ISP mode...done.
'2': Putting device in ISP mode...done.
'2': Putting device in ISP mode...done.
'2': Putting device in ISP mode...done.
'2': Putting device in ISP mode...done.
'2': Programming revision selection to 0.
done.
'2': Putting device in ISP mode...done.
'2': Setting usercode...done.
'2': Putting device in ISP mode...done.
'2': Setting customer code...
done.
'2': Putting device in ISP mode...done.
'2': Putting device in ISP mode...done.
'2': Putting device in ISP mode...done.
'2': Programming completed successfully.
PROGRESS_END - End Operation.
Elapsed time =    150 sec.
INFO:iMPACT - Current time: 3/16/15 2:50 PM
// *** BATCH CMD : ReadUsercode -p 3 -u 150316c0 
'3': Putting device in ISP mode...done.
Maximum TCK operating frequency for this device chain: 15000000.
Validating chain...
Boundary-scan chain validated successfully.
1: Device Temperature: Current Reading: -273.00 C
1: VCCINT Supply: Current Reading:   0.000 V
1: VCCAUX Supply: Current Reading:   0.000 V
'3': Putting device in ISP mode...done.
'3': Usercode is '020415c0'
INFO:iMPACT - Current time: 3/16/15 2:50 PM
// *** BATCH CMD : ReadCustomerCode -p 3 
'3': Putting device in ISP mode...done.
Maximum TCK operating frequency for this device chain: 15000000.
Validating chain...
Boundary-scan chain validated successfully.
1: Device Temperature: Current Reading: -273.00 C
1: VCCINT Supply: Current Reading:   0.000 V
1: VCCAUX Supply: Current Reading:   0.000 V
'3': Putting device in ISP mode...done.
'3': Putting device in ISP mode...done.
'3': Customer Code of Revision# 0 is'ffffffffffffffffffffffffffffffffffffffffffffffffffffffffffffffff'
INFO:iMPACT - Current time: 3/16/15 2:50 PM
// *** BATCH CMD : ReadUsercode -p 3 -u 150316c0 
'3': Putting device in ISP mode...done.
Maximum TCK operating frequency for this device chain: 15000000.
Validating chain...
Boundary-scan chain validated successfully.
1: Device Temperature: Current Reading: -273.00 C
1: VCCINT Supply: Current Reading:   0.000 V
1: VCCAUX Supply: Current Reading:   0.000 V
'3': Putting device in ISP mode...done.
'3': Usercode is '020415c0'
INFO:iMPACT - Current time: 3/16/15 2:50 PM
// *** BATCH CMD : Program -p 3 -e -parallel -u 150316c0 -ver 0customercode:150316c0cf32 -defaultVersion 0 
'3': Putting device in ISP mode...done.
Maximum TCK operating frequency for this device chain: 15000000.
Validating chain...
Boundary-scan chain validated successfully.
1: Device Temperature: Current Reading: -273.00 C
1: VCCINT Supply: Current Reading:   0.000 V
1: VCCAUX Supply: Current Reading:   0.000 V
'3': Erasing device...
'3': Putting device in ISP mode...done.
'3': Putting device in ISP mode...done.
'3': Parallel Mode has been previously programmed in this device,you must firstperform a stand alone erase in order to erase this mode.
'3': Putting device in ISP mode...done.
PROGRESS_START - Starting Operation.
'3': Erasure completed successfully.
'3': Putting device in ISP mode...done.
'3': Putting device in ISP mode...done.
'3': Putting device in ISP mode...done.
'3': Putting device in ISP mode...done.
'3': Putting device in ISP mode...done.
'3': Putting device in ISP mode...done.
'3': Putting device in ISP mode...done.
'3': Programming revision selection to 0.
done.
'3': Putting device in ISP mode...done.
'3': Setting usercode...done.
'3': Putting device in ISP mode...done.
'3': Setting customer code...
done.
'3': Putting device in ISP mode...done.
'3': Putting device in ISP mode...done.
'3': Putting device in ISP mode...done.
'3': Programming completed successfully.
PROGRESS_END - End Operation.
Elapsed time =    153 sec.
INFO:iMPACT - Current time: 3/16/15 2:59 PM
// *** BATCH CMD : ReadUsercode -p 3 -u 150316c0 
'3': Putting device in ISP mode...done.
Maximum TCK operating frequency for this device chain: 15000000.
Validating chain...
Boundary-scan chain validated successfully.
1: Device Temperature: Current Reading: -273.00 C
1: VCCINT Supply: Current Reading:   0.000 V
1: VCCAUX Supply: Current Reading:   0.000 V
'3': Putting device in ISP mode...done.
'3': Usercode is '150316c0'
INFO:iMPACT - Current time: 3/16/15 3:00 PM
// *** BATCH CMD : ReadCustomerCode -p 2 
'2': Putting device in ISP mode...done.
Maximum TCK operating frequency for this device chain: 15000000.
Validating chain...
Boundary-scan chain validated successfully.
1: Device Temperature: Current Reading: -273.00 C
1: VCCINT Supply: Current Reading:   0.000 V
1: VCCAUX Supply: Current Reading:   0.000 V
'2': Putting device in ISP mode...done.
'2': Putting device in ISP mode...done.
'2': Customer Code of Revision# 0 is'150316c1cf320000000000000000000000000000000000000000000000000000'
INFO:iMPACT - Current time: 3/16/15 3:01 PM
// *** BATCH CMD : ReadUsercode -p 1 
Maximum TCK operating frequency for this device chain: 15000000.
Validating chain...
Boundary-scan chain validated successfully.
1: Device Temperature: Current Reading: -273.00 C
1: VCCINT Supply: Current Reading:   0.000 V
1: VCCAUX Supply: Current Reading:   0.000 V
'1': Usercode is '15031601'
// *** BATCH CMD : setMode -bs
// *** BATCH CMD : setMode -ss
// *** BATCH CMD : setMode -sm
// *** BATCH CMD : setMode -hw140
// *** BATCH CMD : setMode -spi
// *** BATCH CMD : setMode -acecf
// *** BATCH CMD : setMode -acempm
// *** BATCH CMD : setMode -pff
// *** BATCH CMD : setMode -bs
// *** BATCH CMD : saveProjectFile -file"/home/cscdev/XilinxProj/CSC_GEM_Emulator_fw_code/work/EmulatorBoardDownload.ipf"
// *** BATCH CMD : setMode -bs
// *** BATCH CMD : setMode -ss
// *** BATCH CMD : setMode -sm
// *** BATCH CMD : setMode -hw140
// *** BATCH CMD : setMode -spi
// *** BATCH CMD : setMode -acecf
// *** BATCH CMD : setMode -acempm
// *** BATCH CMD : setMode -pff
// *** BATCH CMD : setMode -bs
// *** BATCH CMD : saveProjectFile -file"/home/cscdev/XilinxProj/CSC_GEM_Emulator_fw_code/work/EmulatorBoardDownload.ipf"
INFO:iMPACT - User_EnvOsname: 'ScientificCERNSLC'
INFO:iMPACT - User_EnvOsrelease: 'Scientific Linux CERN SLC release 6.6   (Carbon)'
// *** BATCH CMD : setMode -bs
// *** BATCH CMD : setMode -pff
INFO:iMPACT - Launching WebTalk, please refer to the webtalk log at   /home/cscdev/XilinxProj/CSC_GEM_Emulator_fw_code/work/webtalk.log for   details.
INFO:iMPACT - Running wbtc successfully.
// *** BATCH CMD : setMode -bs
// *** BATCH CMD : deleteDevice -position 1
----------------------------------------------------------------------
// *** BATCH CMD : deleteDevice -position 1
----------------------------------------------------------------------
// *** BATCH CMD : deleteDevice -position 1
// *** BATCH CMD : setMode -bs
// *** BATCH CMD : setMode -ss
// *** BATCH CMD : setMode -sm
// *** BATCH CMD : setMode -hw140
// *** BATCH CMD : setMode -spi
// *** BATCH CMD : setMode -acecf
// *** BATCH CMD : setMode -acempm
// *** BATCH CMD : setMode -pff
----------------------------------------------------------------------
